<?xml version="1.0" encoding="UTF-8"?>
<!-- Generated by org.testng.reporters.JUnitXMLReporter -->
<testsuite ignored="0" hostname="LAPTOP-8VKI63NR" failures="0" tests="10" name="Default test" time="180.966" errors="0" timestamp="24 Feb 2021 12:35:30 GMT">
  <testcase classname="org.captcha.test.Earnings" name="login" time="22.633"/>
  <testcase classname="org.captcha.test.Earnings" name="login" time="25.23"/>
  <testcase classname="org.captcha.test.Earnings" name="login" time="17.746"/>
  <testcase classname="org.captcha.test.Earnings" name="login" time="19.258"/>
  <testcase classname="org.captcha.test.Earnings" name="login" time="12.12"/>
  <testcase classname="org.captcha.test.Earnings" name="login" time="15.914"/>
  <testcase classname="org.captcha.test.Earnings" name="login" time="22.86"/>
  <testcase classname="org.captcha.test.Earnings" name="login" time="13.911"/>
  <testcase classname="org.captcha.test.Earnings" name="login" time="16.817"/>
  <testcase classname="org.captcha.test.Earnings" name="login" time="14.414"/>
</testsuite> <!-- Default test -->
