<?xml version="1.0" encoding="UTF-8"?>
<testng-results ignored="0" total="1" passed="1" failed="0" skipped="0">
  <reporter-output>
  </reporter-output>
  <suite started-at="2021-03-02T12:57:01Z" name="Default suite" finished-at="2021-03-02T12:57:33Z" duration-ms="32684">
    <groups>
    </groups>
    <test started-at="2021-03-02T12:57:01Z" name="Default test" finished-at="2021-03-02T12:57:33Z" duration-ms="32684">
      <class name="org.captcha.test.Captcha">
        <test-method signature="login(java.lang.String, java.lang.String)[pri:0, instance:org.captcha.test.Captcha@7fc4780b]" started-at="2021-03-02T12:57:01Z" name="login" data-provider="login Data" finished-at="2021-03-02T12:57:33Z" duration-ms="32653" status="PASS">
          <params>
            <param index="0">
              <value>
                <![CDATA[prem9432]]>
              </value>
            </param>
            <param index="1">
              <value>
                <![CDATA[94321005]]>
              </value>
            </param>
          </params>
          <reporter-output>
          </reporter-output>
        </test-method> <!-- login -->
      </class> <!-- org.captcha.test.Captcha -->
    </test> <!-- Default test -->
  </suite> <!-- Default suite -->
</testng-results>
