<?xml version="1.0" encoding="UTF-8"?>
<testng-results ignored="0" total="10" passed="9" failed="1" skipped="0">
  <reporter-output>
  </reporter-output>
  <suite started-at="2021-02-23T08:11:17Z" name="Default suite" finished-at="2021-02-23T08:18:18Z" duration-ms="420851">
    <groups>
    </groups>
    <test started-at="2021-02-23T08:11:17Z" name="Default test" finished-at="2021-02-23T08:18:18Z" duration-ms="420851">
      <class name="org.captcha.test.Earnings">
        <test-method signature="login(java.lang.String, java.lang.String)[pri:0, instance:org.captcha.test.Earnings@1f81aa00]" started-at="2021-02-23T08:11:17Z" name="login" data-provider="login Data" finished-at="2021-02-23T08:11:37Z" duration-ms="19887" status="PASS">
          <params>
            <param index="0">
              <value>
                <![CDATA[prav8483]]>
              </value>
            </param>
            <param index="1">
              <value>
                <![CDATA[16182062]]>
              </value>
            </param>
          </params>
          <reporter-output>
          </reporter-output>
        </test-method> <!-- login -->
        <test-method signature="login(java.lang.String, java.lang.String)[pri:0, instance:org.captcha.test.Earnings@1f81aa00]" started-at="2021-02-23T08:11:37Z" name="login" data-provider="login Data" finished-at="2021-02-23T08:12:23Z" duration-ms="45810" status="PASS">
          <params>
            <param index="0">
              <value>
                <![CDATA[vima0953]]>
              </value>
            </param>
            <param index="1">
              <value>
                <![CDATA[09531138]]>
              </value>
            </param>
          </params>
          <reporter-output>
          </reporter-output>
        </test-method> <!-- login -->
        <test-method signature="login(java.lang.String, java.lang.String)[pri:0, instance:org.captcha.test.Earnings@1f81aa00]" started-at="2021-02-23T08:12:23Z" name="login" data-provider="login Data" finished-at="2021-02-23T08:13:13Z" duration-ms="50300" status="PASS">
          <params>
            <param index="0">
              <value>
                <![CDATA[swet1121]]>
              </value>
            </param>
            <param index="1">
              <value>
                <![CDATA[69282114]]>
              </value>
            </param>
          </params>
          <reporter-output>
          </reporter-output>
        </test-method> <!-- login -->
        <test-method signature="login(java.lang.String, java.lang.String)[pri:0, instance:org.captcha.test.Earnings@1f81aa00]" started-at="2021-02-23T08:13:13Z" name="login" data-provider="login Data" finished-at="2021-02-23T08:13:44Z" duration-ms="31089" status="PASS">
          <params>
            <param index="0">
              <value>
                <![CDATA[mari9100]]>
              </value>
            </param>
            <param index="1">
              <value>
                <![CDATA[68257266]]>
              </value>
            </param>
          </params>
          <reporter-output>
          </reporter-output>
        </test-method> <!-- login -->
        <test-method signature="login(java.lang.String, java.lang.String)[pri:0, instance:org.captcha.test.Earnings@1f81aa00]" started-at="2021-02-23T08:13:44Z" name="login" data-provider="login Data" finished-at="2021-02-23T08:14:08Z" duration-ms="24001" status="FAIL">
          <params>
            <param index="0">
              <value>
                <![CDATA[jose6440]]>
              </value>
            </param>
            <param index="1">
              <value>
                <![CDATA[23755165]]>
              </value>
            </param>
          </params>
          <exception class="org.openqa.selenium.NoSuchWindowException">
            <message>
              <![CDATA[no such window: target window already closed
from unknown error: web view not found
  (Session info: chrome=88.0.4324.182)
Build info: version: '3.141.59', revision: 'e82be7d358', time: '2018-11-14T08:17:03'
System info: host: 'LAPTOP-8VKI63NR', ip: '192.168.43.210', os.name: 'Windows 10', os.arch: 'amd64', os.version: '10.0', java.version: '15.0.2'
Driver info: org.openqa.selenium.chrome.ChromeDriver
Capabilities {acceptInsecureCerts: false, browserName: chrome, browserVersion: 88.0.4324.182, chrome: {chromedriverVersion: 88.0.4324.96 (68dba2d8a0b14..., userDataDir: C:\Users\shano\AppData\Loca...}, goog:chromeOptions: {debuggerAddress: localhost:65280}, javascriptEnabled: true, networkConnectionEnabled: false, pageLoadStrategy: normal, platform: WINDOWS, platformName: WINDOWS, proxy: Proxy(), setWindowRect: true, strictFileInteractability: false, timeouts: {implicit: 0, pageLoad: 300000, script: 30000}, unhandledPromptBehavior: dismiss and notify, webauthn:extension:largeBlob: true, webauthn:virtualAuthenticators: true}
Session ID: 7f1c25f22cf7eabb2a3936d88529d972
*** Element info: {Using=xpath, value=//strong[text()='Earn Money']}]]>
            </message>
            <full-stacktrace>
              <![CDATA[org.openqa.selenium.NoSuchWindowException: no such window: target window already closed
from unknown error: web view not found
  (Session info: chrome=88.0.4324.182)
Build info: version: '3.141.59', revision: 'e82be7d358', time: '2018-11-14T08:17:03'
System info: host: 'LAPTOP-8VKI63NR', ip: '192.168.43.210', os.name: 'Windows 10', os.arch: 'amd64', os.version: '10.0', java.version: '15.0.2'
Driver info: org.openqa.selenium.chrome.ChromeDriver
Capabilities {acceptInsecureCerts: false, browserName: chrome, browserVersion: 88.0.4324.182, chrome: {chromedriverVersion: 88.0.4324.96 (68dba2d8a0b14..., userDataDir: C:\Users\shano\AppData\Loca...}, goog:chromeOptions: {debuggerAddress: localhost:65280}, javascriptEnabled: true, networkConnectionEnabled: false, pageLoadStrategy: normal, platform: WINDOWS, platformName: WINDOWS, proxy: Proxy(), setWindowRect: true, strictFileInteractability: false, timeouts: {implicit: 0, pageLoad: 300000, script: 30000}, unhandledPromptBehavior: dismiss and notify, webauthn:extension:largeBlob: true, webauthn:virtualAuthenticators: true}
Session ID: 7f1c25f22cf7eabb2a3936d88529d972
*** Element info: {Using=xpath, value=//strong[text()='Earn Money']}
at java.base/jdk.internal.reflect.NativeConstructorAccessorImpl.newInstance0(Native Method)
at java.base/jdk.internal.reflect.NativeConstructorAccessorImpl.newInstance(NativeConstructorAccessorImpl.java:64)
at java.base/jdk.internal.reflect.DelegatingConstructorAccessorImpl.newInstance(DelegatingConstructorAccessorImpl.java:45)
at java.base/java.lang.reflect.Constructor.newInstanceWithCaller(Constructor.java:500)
at java.base/java.lang.reflect.Constructor.newInstance(Constructor.java:481)
at org.openqa.selenium.remote.http.W3CHttpResponseCodec.createException(W3CHttpResponseCodec.java:187)
at org.openqa.selenium.remote.http.W3CHttpResponseCodec.decode(W3CHttpResponseCodec.java:122)
at org.openqa.selenium.remote.http.W3CHttpResponseCodec.decode(W3CHttpResponseCodec.java:49)
at org.openqa.selenium.remote.HttpCommandExecutor.execute(HttpCommandExecutor.java:158)
at org.openqa.selenium.remote.service.DriverCommandExecutor.execute(DriverCommandExecutor.java:83)
at org.openqa.selenium.remote.RemoteWebDriver.execute(RemoteWebDriver.java:552)
at org.openqa.selenium.remote.RemoteWebDriver.findElement(RemoteWebDriver.java:323)
at org.openqa.selenium.remote.RemoteWebDriver.findElementByXPath(RemoteWebDriver.java:428)
at org.openqa.selenium.By$ByXPath.findElement(By.java:353)
at org.openqa.selenium.remote.RemoteWebDriver.findElement(RemoteWebDriver.java:315)
at org.captcha.test.Earnings.login(Earnings.java:60)
at java.base/jdk.internal.reflect.NativeMethodAccessorImpl.invoke0(Native Method)
at java.base/jdk.internal.reflect.NativeMethodAccessorImpl.invoke(NativeMethodAccessorImpl.java:64)
at java.base/jdk.internal.reflect.DelegatingMethodAccessorImpl.invoke(DelegatingMethodAccessorImpl.java:43)
at java.base/java.lang.reflect.Method.invoke(Method.java:564)
at org.testng.internal.MethodInvocationHelper.invokeMethod(MethodInvocationHelper.java:124)
at org.testng.internal.Invoker.invokeMethod(Invoker.java:583)
at org.testng.internal.Invoker.invokeTestMethod(Invoker.java:719)
at org.testng.internal.Invoker.invokeTestMethods(Invoker.java:989)
at org.testng.internal.TestMethodWorker.invokeTestMethods(TestMethodWorker.java:125)
at org.testng.internal.TestMethodWorker.run(TestMethodWorker.java:109)
at org.testng.TestRunner.privateRun(TestRunner.java:648)
at org.testng.TestRunner.run(TestRunner.java:505)
at org.testng.SuiteRunner.runTest(SuiteRunner.java:455)
at org.testng.SuiteRunner.runSequentially(SuiteRunner.java:450)
at org.testng.SuiteRunner.privateRun(SuiteRunner.java:415)
at org.testng.SuiteRunner.run(SuiteRunner.java:364)
at org.testng.SuiteRunnerWorker.runSuite(SuiteRunnerWorker.java:52)
at org.testng.SuiteRunnerWorker.run(SuiteRunnerWorker.java:84)
at org.testng.TestNG.runSuitesSequentially(TestNG.java:1208)
at org.testng.TestNG.runSuitesLocally(TestNG.java:1137)
at org.testng.TestNG.runSuites(TestNG.java:1049)
at org.testng.TestNG.run(TestNG.java:1017)
at org.testng.remote.AbstractRemoteTestNG.run(AbstractRemoteTestNG.java:115)
at org.testng.remote.RemoteTestNG.initAndRun(RemoteTestNG.java:251)
at org.testng.remote.RemoteTestNG.main(RemoteTestNG.java:77)
]]>
            </full-stacktrace>
          </exception> <!-- org.openqa.selenium.NoSuchWindowException -->
          <reporter-output>
          </reporter-output>
        </test-method> <!-- login -->
        <test-method signature="login(java.lang.String, java.lang.String)[pri:0, instance:org.captcha.test.Earnings@1f81aa00]" started-at="2021-02-23T08:14:08Z" name="login" data-provider="login Data" finished-at="2021-02-23T08:15:21Z" duration-ms="72876" status="PASS">
          <params>
            <param index="0">
              <value>
                <![CDATA[lawr7800]]>
              </value>
            </param>
            <param index="1">
              <value>
                <![CDATA[62521470]]>
              </value>
            </param>
          </params>
          <reporter-output>
          </reporter-output>
        </test-method> <!-- login -->
        <test-method signature="login(java.lang.String, java.lang.String)[pri:0, instance:org.captcha.test.Earnings@1f81aa00]" started-at="2021-02-23T08:15:21Z" name="login" data-provider="login Data" finished-at="2021-02-23T08:16:21Z" duration-ms="59611" status="PASS">
          <params>
            <param index="0">
              <value>
                <![CDATA[ebin4321]]>
              </value>
            </param>
            <param index="1">
              <value>
                <![CDATA[29591170]]>
              </value>
            </param>
          </params>
          <reporter-output>
          </reporter-output>
        </test-method> <!-- login -->
        <test-method signature="login(java.lang.String, java.lang.String)[pri:0, instance:org.captcha.test.Earnings@1f81aa00]" started-at="2021-02-23T08:16:21Z" name="login" data-provider="login Data" finished-at="2021-02-23T08:17:17Z" duration-ms="55915" status="PASS">
          <params>
            <param index="0">
              <value>
                <![CDATA[ruba6221]]>
              </value>
            </param>
            <param index="1">
              <value>
                <![CDATA[07951663]]>
              </value>
            </param>
          </params>
          <reporter-output>
          </reporter-output>
        </test-method> <!-- login -->
        <test-method signature="login(java.lang.String, java.lang.String)[pri:0, instance:org.captcha.test.Earnings@1f81aa00]" started-at="2021-02-23T08:17:17Z" name="login" data-provider="login Data" finished-at="2021-02-23T08:17:58Z" duration-ms="41219" status="PASS">
          <params>
            <param index="0">
              <value>
                <![CDATA[nels2853]]>
              </value>
            </param>
            <param index="1">
              <value>
                <![CDATA[58221060]]>
              </value>
            </param>
          </params>
          <reporter-output>
          </reporter-output>
        </test-method> <!-- login -->
        <test-method signature="login(java.lang.String, java.lang.String)[pri:0, instance:org.captcha.test.Earnings@1f81aa00]" started-at="2021-02-23T08:17:58Z" name="login" data-provider="login Data" finished-at="2021-02-23T08:18:18Z" duration-ms="20097" status="PASS">
          <params>
            <param index="0">
              <value>
                <![CDATA[srir8529]]>
              </value>
            </param>
            <param index="1">
              <value>
                <![CDATA[08521511]]>
              </value>
            </param>
          </params>
          <reporter-output>
          </reporter-output>
        </test-method> <!-- login -->
      </class> <!-- org.captcha.test.Earnings -->
    </test> <!-- Default test -->
  </suite> <!-- Default suite -->
</testng-results>
